[  00000] itliing ro sbsys cust[   0.00] nitiizg grp bss cp
[  .0000]niiazig roupubs puac
  0.0000Liux vrson..013geerc (bild@w0-amd4-03 (cc vsi 54.20069 (Unt5..0-6un1~6..9) 156-un SP ThJu1408:528TC2018Ubtu4.4.-10.6-genec .413)
[  .0000]CoanlineBO_IAGE=oovminuz.4-10-gerirot=UU=84ef24-770f-a8-9be1f46  cnsoltt cnsoltt0
[  00000]ERL uppoedpu:
[    0.000000]   Intel GenuineIntel
[    0.000000]   AMD AuthenticAMD
[    0.000000]   Centaur CentaurHauls
[    0.000000] x86/fpu: xstate_offset[2]:  576, xstate_sizes[2]:  256
[    0.000000] x86/fpu: Supporting XSAVE feature 0x01: 'x87 floating point registers'
[    00000 x6/fp Spoting XSAVE feature x0 'E regier
    0000 x86puSuporinXSE feur0x4: 'X giters
[  0.0000] 6/pu: abd stteeares 7,onext iz i83 byt, in 'stda' orma
  0.0000 x/fpu: in'eger'PUonext ites
   00000] e80:IOprovedhyicalAMap
[  00000] IOe8: [memx00000000000x0000000fbffusle
[   0000] OSe8: [memx000000009fc00-0x000000000009ffff] reserved
[    0.000000] BIOS-e820: [mem 0x00000000000f0000-0x00000000000fffff] reserved
[    0.000000] BIOS-e820: [mem 0x0000000000100000-0x000000003ffeffff] usable
[    0.000000] BIOS-e0:me 0x00003ff00-0000000ffff ACPda
    0000]BIO-e20[mm 0x0000fffc0000-0x00000000ffffffff] reserved
[  econacti
  0.0000SMIOS .5rent.[  00000] peviso decd: K
  0.0000e80: lt_n  0x3f0axarchfn 0400000
[   0000]MTR:isled[  0000000] x86/PT:TR disabd,skppng P itilizaonoo
[  00000] U RR allla -virtlid yste
  0.0000] 6/AT: nfurtion0-: B  W U U  WBWT UC- UC  
[    0.000000] found SMP MP-table at [mem 0x0009fff0-0x0009ffff] mapped at [ffff88000009fff0]
[    0.000000] Scanning 1 areas for low memory corruption
[    0.000000] RAMDISK: [mem 0x361ee000-0x370eefff
    0000 ACP: rltablchksm veifatio disle
[   0.00] CPI:RSP 0000000000 0004 02VBOX)    0000 ACP XT x00000FF003000C v01 OX VOXXS 00001SL0000061
  0.0000 AI:FACPx000003F00 000F4(v VOX  VBOXAC 00000 ASL  0061
[  00000] PIDST 0x0000FF4700CEB v0 VOX  BOXBS 00002 TL010528
[  .0000]CP: FA 0000003FF20 000040
[    0.000000] ACPI: FACS 0x000000003FFF0200 000040
[    0.000000] ACPI: APIC 0x000000003FFF0240 00005C (v02 VBX   OXIC000001SL 00006)[   0000] AC: DT0x0000003FF2A 000C 01VBOX VXCUT 0002 NTL 20100528)  0.00000]o MA cfiraion un
[   0000]Faki aod at emx0000000000-0x0000ffeff][   .000] NODEAT0)allote[mm 0xfe000x3fefff][    0000 kvm-cloc: si mrsb5d0 and4b4d
[   .000] kvclk:cpu  m 03ffe01prmarypulok
[  00000] kvclk:usinscd fft  5407502 cle
[   00000]losorce:vmlok: mk: 0ffffffffffffff max_cycles: 0x1cd42e4dffb, max_idle_ns: 881590591483 ns
[    0.000000] Zooneraes
[  0.000]  MA    mem 0x00000000-0000000ffff]  0.0000]  DA3    emx0000001000-0x0000ffeff][   .0000   Nrml emty
  .00000  vie   pt
[   00000] ovab ze tartfoeah no
  0.0000] rl memorno rnges
  0.0000  de  0: [em 0x0000000000001000-0x000000000009efff]
[    0.000000]   node   0: [mem 0x0000000000100000-0x000000003ffeffff]
[    0.000000] Initmem setup node 0 [mem 0x0000000000001000-0x000000003ffeffff]
[    0.000000] ACPI: PM-Timer IO Port: 0x4008
[  .0000]OAIC[0 ac_d 2,eron17, drs xfec00 GI 0-
  0.0000ACI: I_S_OR (b 0usirq glal_irq 2 fldf
    0.0000 ACPI: INT_SRC_OVR (bs  bus_ir 9gloalrq 9igleel)  0.0000Usng AI AD) for MPonigurio ifomaon[   .000] smoo Alowi 2PU, 0 otplug CPUs
[    0.000000] PM: Registered nosave memory: [mem 0x00000000-0x00000fff]
[    0.000000] PM: Registered nosave memory: [mem 0x0009f000-0x0009ffff]
[    0.000000] PM: Registered nosave memory: [mem 0x000a0000-0x000effff]
[    0.0000PM: gierd noveemry: emx00f00-000ffff
[  .0000]82: [m 0000000xffbfff avaiabe orPCI deic
   0.0000]ooing rartalederel oKV
[    0.000000] clocsourc: fid-jiies: mask: 0xffffffff max_cyces0xffff, ax_idle_s:6419002168s
[  00000]et_prcpuNRPU:512 ncpask_ts12nr_c_i:2nr_ne_s:
[  00000] RCU:mbedd  pges/pu @ffff88003fc00000 s99544 r812 3128u10485
   0000000PVqsinock ha tleentrs:56(ord: , 96 bes
[   0.000]uilt 1zoelstin Ne de, moli goupig on Tot pes 2572
  0.0000] liy zo: A3
[  00000]erl ommandin BOT_IGEbot/vmnu4..0-130geerc oo=UUI84914-00770f3-ab8b4b8e150roconse=y1conse=yS
[  00000]IDas tab etries 496 (order: 3, 32768 bytes)
[    0.000000] Memory: 997152K/1048120K available (8546K kernel code, 1313K rwdata, 4000K rodata, 1516K init, 1316K bss, 50968K reserved, 0K cma-reserved)
[    0.000000] SLUB: HWaalgn=64, Order=0-3, MinObjects=0, CPUs=2, Nodes=1
[    0.000000] Kernel/User page tables isolation: enabled
[    0.000000] Hierarchical RCU implementation.
[    0.000000] 	Build-time adjustment of leaf fanout to 64.
[    0.000000] 	RCU restricting CPUs from NR_CPUS=512 to nr_cpu_ids=2.
[    0.000000] RCU: Adjusting geometry for rcu_fanout_leaf=64, nr_cpu_ids=2
[    0.000000] NR_IRQS:33024 nr_irqs:440 16
[    0.000000] Console: colour VGA+ 80x25
[    0.000000] console [tty1] enabled
[    0.000000] console [ttyS0] enabled
[    0.000000] tsc: Detected 3392.150 MHz processor
[   16.985883] Calibrating delay loop (skipped) preset value.. 6784.30 BogoMIPS (lpj=13568600)
[   16.987082] pid_max: default: 32768 minimum: 301
[   16.987715] ACPI: Core revision 20150930
[   16.988924] ACPI: 2 ACPI AML tables successfully acquired and loaded
[   16.989868] Security Framework initialized
[   16.990473] Yama: becoming mindful.
[   16.991026] AppArmor: AppArmor initialized
[  1991700] Dentry cache hash table entries: 131072 (order: 8, 1048576 bytes)
[   17.234336] Inode-cache hash table entries: 65536 (order: 7, 524288 bytes)
[   17.427294] Mount-cache hash table entries: 2048 (order: 2, 16384 bytes)
[   17.445697] Mountpoint-cache hash table entries: 2048 (order: 2, 16384 bytes)
[   17.636414] Initializing cgroup subsys io
[   17.649882] Initializing cgroup subsys memory
[   17.662436] Initializing cgroup subsys devices
[   17.670533] Initializing cgroup subsys freezer
[   17.742141] Initializing cgroup subsys net_cls
[   17.769993] Initializing cgroup subsys perf_event
[   17.903167] Initializing cgroup subsys net_prio
[   18.029676] Initializing cgroup subsys hugetlb
[   18.127174] Initializing cgroup subsys pids
[   18.257741] CPU: Physical Processor ID: 0
[   18.367748] CPU: Processor Core ID: 0
[   18.440590] mce: CPU supports 0 MCE banks
[   18.441226] Last level iTLB entries: 4KB 1024, 2MB 1024, 4MB 1024
[   18.442043] Last level dTLB entries: 4KB 1024, 2MB 1024, 4MB 1024, 1GB 4
[   18.442913] Spectre V2 : Mitigation: Full generic retpoline
[   18.443652] Spectre V2 : Speculation control IBPB not-supported IBRS not-supported
[   18.589836] Speculative Store Bypass: Vulnerable
[   18.745136] Freeing SMP alternatives memory: 32K
[   18.903864] ftrace: allocating 32245 entries in 126 pages
[   19.108915] smpboot: APIC(0) Converting physical 0 to logical package 0
[   19.245439] smpboot: Max logical packages: 1
[   19.331380] ..TIMER: vector=0x30 apic1=0 pin1=2 apic2=-1 pin2=-1
[   19.602126] smpboot: CPU0: Intel(R) Core(TM) i7-4770 CPU @ 3.40GHz (family: 0x6, model: 0x3c, stepping: 0x3)
[   19.886894] Performance Events: unsupported p6 CPU model 60 no PMU driver, software events only.
[   19.987236] KVM setup paravirtual spinlock
[   19.988403] x86: Booting SMP configuration:
[   20.052395] .... node  #0, CPUs:      #1
[   20.053134] kvm-clock: cpu 1, msr 0:3ffe3041, secondary cpu clock
[   20.054490] mce: CPU supports 0 MCE banks
[   20.057926] x86: Booted up 1 node, 2 CPUs
[   20.058806] smpboot: Total of 2 processors activated (13568.60 BogoMIPS)
[   20.141934] devtmpfs: initialized
[   20.155671] evm: security.selinux
[   20.239914] evm: security.SMACK64
[   20.266072] evm: security.SMACK64EXEC
[   20.266636] evm: security.SMACK64TRANSMUTE
[   20.267235] evm: security.SMACK64MMAP
[   20.267790] evm: security.ima
[   20.268282] evm: security.capability
[   20.269061] clocksource: jiffies: mask: 0xffffffff max_cycles: 0xffffffff, max_idle_ns: 7645041785100000 ns
[   20.356457] futex hash table entries: 512 (order: 3, 32768 bytes)
[   20.360793] pinctrl core: initialized pinctrl subsystem
[   20.371988] RTC time:  9:25:46, date: 07/16/18
[   20.379000] NET: Registered protocol family 16
[   20.438163] cpuidle: using governor ladder
[   20.546209] cpuidle: using governor menu
[   20.668500] PCCT header not found.
[   20.782040] ACPI: bus type PCI registered
[   20.909505] acpiphp: ACPI Hot Plug PCI Controller Driver version: 0.5
[   21.106701] PCI: Using configuration type 1 for base access
[   21.279001] ACPI: Added _OSI(Module Device)
[   21.412251] ACPI: Added _OSI(Processor Device)
[   21.421378] ACPI: Added _OSI(3.0 _SCP Extensions)
[   21.422068] ACPI: Added _OSI(Processor Aggregator Device)
[   21.423349] ACPI: Executed 1 blocks of module-level executable AML code
[   21.425886] ACPI: Interpreter enabled
[   21.426457] ACPI: (supports S0 S5)
[   21.427023] ACPI: Using IOAPIC for interrupt routing
[   21.439013] PCI: Using host bridge windows from ACPI; if necessary, use "pci=nocrs" and report a bug
[   21.441992] ACPI: PCI Root Bridge [PCI0] (domain 0000 [bus 00-ff])
[   21.500140] acpi PNP0A03:00: _OSC: OS supports [ASPM ClockPM Segments MSI]
[   21.594683] acpi PNP0A03:00: _OSC failed (AE_NOT_FOUND); disabling ASPM
[   21.815710] acpi PNP0A03:00: fail to add MMCONFIG information, can't access extended PCI configuration space under this bridge.
[   21.920692] PCI host bridge to bus 0000:00
[   21.941136] pci_bus 0000:00: root bus resource [io  0x0000-0x0cf7 window]
[   22.046495] pci_bus 0000:00: root bus resource [io  0x0d00-0xffff window]
[   22.239749] pci_bus 0000:00: root bus resource [mem 0x000a0000-0x000bffff window]
[   22.278932] pci_bus 0000:00: root bus resource [mem 0x40000000-0xffdfffff window]
[   22.280128] pci_bus 0000:00: root bus resource [bus 00-ff]
[   22.282318] pci 0000:00:01.1: legacy IDE quirk: reg 0x10: [io  0x01f0-0x01f7]
[   22.470329] pci 0000:00:01.1: legacy IDE quirk: reg 0x14: [io  0x03f6]
[   22.535831] pci 0000:00:01.1: legacy IDE quirk: reg 0x18: [io  0x0170-0x0177]
[   22.590593] pci 0000:00:01.1: legacy IDE quirk: reg 0x1c: [io  0x0376]
[   22.670970] ACPI: PCI Interrupt Link [LNKA] (IRQs 5 9 10 11) *0, disabled.
[   22.830476] ACPI: PCI Interrupt Link [LNKB] (IRQs 5 9 10 *11)
[   22.982611] ACPI: PCI Interrupt Link [LNKC] (IRQs 5 9 *10 11)
[   22.983734] ACPI: PCI Interrupt Link [LNKD] (IRQs 5 *9 10 11)
[   22.992644] ACPI: Enabled 2 GPEs in block 00 to 07
[   22.993754] vgaarb: setting as boot device: PCI:0000:00:02.0
[   23.157321] vgaarb: device added: PCI:0000:00:02.0,decodes=io+mem,owns=io+mem,locks=none
[   23.418680] vgaarb: loaded
[   23.480356] vgaarb: bridge control possible 0000:00:02.0
[   23.605652] SCSI subsystem initialized
[   23.727082] ACPI: bus type USB registered
[   23.815511] usbcore: registered new interface driver usbfs
[   23.977452] usbcore: registered new interface driver hub
[   24.145487] usbcore: registered new device driver usb
[   24.292940] PCI: Using ACPI for IRQ routing
[   24.294974] NetLabel: Initializing
[   24.295517] NetLabel:  domain hash size = 128
[   24.296165] NetLabel:  protocols = UNLABELED CIPSOv4
[   24.296861] NetLabel:  unlabeled traffic allowed by default
[   24.297870] amd_nb: Cannot enumerate AMD northbridges
[   24.298627] clocksource: Switched to clocksource kvm-clock
[   4.58] pAorAprm FesteEnle
[ 24227] pp:nPCPin
  5.50] p:nPCP fnd dic
[   25.606693] clocksource: acpi_pm: mask: 0xffffff max_cycles: 0xffffff, max_idle_ns: 2085701024 ns
[   25.609033] NET: Registered protocol family 2
[   25.611335] TCP established hash table entries: 8192 (order: 4, 65536 bytes)
[   25.612283] TCP bind hash table entries: 8192 (order: 5, 131072 bytes)
[   25.614256] TCP: Hash tables configured (established 8192 bind 8192)
[   25.615082] UDP hash table entries: 512 (order: 2, 16384 bytes)
[   25.615885] UDP-Lite hash table entries: 512 (order: 2, 16384 bytes)
[   25.616705] NET: Registered protocol family 1
[   25.617378] pci 0000:00:00.0: Limiting direct PCI/PCI transfers
[   25.618171] pci 0000:00:01.0: Activating ISA DMA hang workarounds
[   25.619090] Unpacking initramfs...
[   25.802094] Freeing initrd memory: 15364K
[   25.940231] RAPL PMU detected, API unit is 2^-32 Joules, 4 fixed counters 10737418240 ms ovfl timer
[   25.973090] hw unit of domain pp0-core 2^-0 Joules
[   25.974917] hw unit of domain package 2^-0 Joules
[   25.975603] hw unit of domain dram 2^-0 Joules
[   26.036685] hw unit of domain pp1-gpu 2^-0 Joules
[   26.048043] platform rtc_cmos: registered platform RTC device (no PNP device found)
[   26.148070] Scanning for low memory corruption every 60 seconds
[   26.263301] audit: initializing netlink subsys (disabled)
[   26.305724] audit: type=2000 audit(1531733134.924:1): initialized
[   26.393012] Initialise system trusted keyring
[   26.543016] HugeTLB registered 2 MB page size, pre-allocated 0 pages
[   26.629430] zbud: loaded
[   26.630197] VFS: Disk quotas dquot_6.6.0
[   26.634529] VFS: Dquot-cache hash table entries: 512 (order 0, 4096 bytes)
[   26.638496] squashfs: version 4.0 (2009/01/31) Phillip Lougher
[   26.642952] fuse init (API version 7.23)
[   26.645050] Key type big_key registered
[   26.645630] Allocating IMA MOK and blacklist keyrings.
[   26.647543] Key type asymmetric registered
[   26.783206] Asymmetric key parser 'x509' registered
[   26.901849] Block layer SCSI generic (bsg) driver version 0.4 loaded (major 249)
[   26.925624] io scheduler noop registered
[   27.054852] tsc: Refined TSC clocksource calibration: 3395.221 MHz
[   27.175432] clocksource: tsc: mask: 0xffffffffffffffff max_cycles: 0x30f0abfbf35, max_idle_ns: 440795258110 ns
[   27.178938] io scheduler deadline registered (default)
ÿ[   27.179023] io scheduler cfq registered
[   27.179111] pci_hotplug: PCI Hot Plug PCI Core version: 0.5
[   27.179115] pciehp: PCI Express Hot Plug Controller Driver version: 0.4
[   27.179228] ACPI: AC Adapter [AC] (on-line)
[   27.179274] input: Power Button as /devices/LNXSYSTM:00/LNXPWRBN:00/input/input0
[   27.179285] ACPI: Power Button [PWRF]
[   27.179335] input: Sleep Button as /devices/LNXSYSTM:00/LNXSLPBN:00/input/input1
[   27.179337] ACPI: Sleep Button [SLPF]
[   27.179492] GHES: HEST is not enabled!
[   27.267091] Serial: 8250/16550 driver, 32 ports, IRQ sharing enabled
[   27.312900] 00:02: ttyS0 at I/O 0x3f8 (irq = 4, base_baud = 115200) is a 16550A
[   27.320646] Linux agpgart interface v0.103
[   27.324637] loop: module loaded
[   27.325035] scsi host0: ata_piix
[   27.325077] scsi host1: ata_piix
[   27.325101] ata1: PATA max UDMA/33 cmd 0x1f0 ctl 0x3f6 bmdma 0xd000 irq 14
[   27.325102] ata2: PATA max UDMA/33 cmd 0x170 ctl 0x376 bmdma 0xd008 irq 15
[   27.325155] libphy: Fixed MDIO Bus: probed
[   27.325156] tun: Universal TUN/TAP device driver, 1.6
[   27.325156] tun: (C) 1999-2004 Max Krasnyansky <maxk@qualcomm.com>
[   27.325397] PPP generic driver version 2.4.2
[   27.325434] ehci_hcd: USB 2.0 'Enhanced' Host Controller (EHCI) Driver
[   27.325436] ehci-pci: EHCI PCI platform driver
[   27.325446] ehci-platform: EHCI generic platform driver
[   27.325451] ohci_hcd: USB 1.1 'Open' Host Controller (OHCI) Driver
[   27.325453] ohci-pci: OHCI PCI platform driver
[   27.325458] ohci-platform: OHCI generic platform driver
[   27.325463] uhci_hcd: USB Universal Host Controller Interface driver
[   27.325512] i8042: PNP: PS/2 Controller [PNP0303:PS2K,PNP0f03:PS2M] at 0x60,0x64 irq 1,12
[   27.325892] serio: i8042 KBD port at 0x60,0x64 irq 1
[   27.325895] serio: i8042 AUX port at 0x60,0x64 irq 12
[   27.325972] mousedev: PS/2 mouse device common for all mice
[   27.326232] input: AT Translated Set 2 keyboard as /devices/platform/i8042/serio0/input/input2
[   27.326495] rtc_cmos rtc_cmos: rtc core: registered rtc_cmos as rtc0
[   27.326538] rtc_cmos rtc_cmos: alarms up to one day, 114 bytes nvram
[   27.326543] i2c /dev entries driver
[   27.326583] device-mapper: uevent: version 1.0.3
[   27.326623] device-mapper: ioctl: 4.34.0-ioctl (2015-10-28) initialised: dm-devel@redhat.com
[   27.326635] ledtrig-cpu: registered to indicate activity on CPUs
[   27.326828] NET: Registered protocol family 10
[   27.326940] NET: Registered protocol family 17
[   27.326947] Key type dns_resolver registered
[   27.327143] registered taskstats version 1
[   27.327158] Loading compiled-in X.509 certificates
[   27.327672] Loaded X.509 cert 'Build time autogenerated kernel key: b3e0fe4bcd6378c38a2c0a4648abbc1fa5043a22'
[   27.327687] zswap: loaded using pool lzo/zbud
[   27.332307] Key type trusted registered
[   27.334794] Key type encrypted registered
[   27.334798] AppArmor: AppArmor sha1 policy hashing enabled
[   27.334801] ima: No TPM chip found, activating TPM-bypass!
[   27.334804] ima: Allocated hash algorithm: sha1
[   27.334814] evm: HMAC attrs: 0x1
[   27.335033]   Magic number: 10:535:424
[   27.335035]   hash matches /build/linux-c2Z51P/linux-4.4.0/drivers/base/power/main.c:740
[   27.411339] rtc_cmos rtc_cmos: setting system clock to 2018-07-16 09:25:53 UTC (1531733153)
[   27.411439] BIOS EDD facility v0.16 2004-Jun-25, 0 devices found
[   27.411440] EDD information not available.
[   28.450491] Freeing unused kernel memory: 1516K
[   28.463194] Write protecting the kernel read-only data: 14336k
[   28.464466] Freeing unused kernel memory: 1680K
[   29.341578] Freeing unused kernel memory: 96K
Loading, please wait...
[   29.548038] random: systemd-udevd: uninitialized urandom read (16 bytes read, 4 bits of entropy available)
starting version[   29.548576] random: udevadm: uninitialized urandom read (16 bytes read, 4 bits of entropy available)
 229
[   29.548596] random: udevadm: uninitialized urandom read (16 bytes read, 4 bits of entropy available)
[   29.560307] random: udevadm: uninitialized urandom read (16 bytes read, 4 bits of entropy available)
[   29.560350] random: udevadm: uninitialized urandom read (16 bytes read, 4 bits of entropy available)
[   29.560499] random: udevadm: uninitialized urandom read (16 bytes read, 4 bits of entropy available)
[   29.560555] random: udevadm: uninitialized urandom read (16 bytes read, 4 bits of entropy available)
[   29.560609] random: udevadm: uninitialized urandom read (16 bytes read, 4 bits of entropy available)
[   29.560664] random: udevadm: uninitialized urandom read (16 bytes read, 4 bits of entropy available)
[   29.560719] random: udevadm: uninitialized urandom read (16 bytes read, 4 bits of entropy available)
[   30.948280] Fusion MPT base driver 3.04.20
[   30.961236] e1000: Intel(R) PRO/1000 Network Driver - version 7.3.21-k8-NAPI
[   30.961237] e1000: Copyright (c) 1999-2006 Intel Corporation.
[   31.251136] Copyright (c) 1999-2008 LSI Corporation
[   31.387858] Fusion MPT SPI Host driver 3.04.20
[   31.545702] AVX version of gcm_enc/dec engaged.
[   31.570138] AES CTR mode by8 optimization enabled
[   31.757423] input: ImExPS/2 Generic Explorer Mouse as /devices/platform/i8042/serio1/input/input4
[   32.117629] e1000 0000:00:03.0 eth0: (PCI:33MHz:32-bit) 02:40:c1:fa:9b:f5
[   32.313549] e1000 0000:00:03.0 eth0: Intel(R) PRO/1000 Network Connection
[   32.335954] mptbase: ioc0: Initiating bringup
[   32.336595] e1000 0000:00:03.0 enp0s3: renamed from eth0
[   32.456334] ioc0: LSI53C1030 A0: Capabilities={Initiator}
[   33.943678] scsi host2: ioc0: LSI53C1030 A0, FwRev=00000000h, Ports=1, MaxQ=256, IRQ=20
[   34.215026] scsi 2:0:0:0: Direct-Access     VBOX     HARDDISK         1.0  PQ: 0 ANSI: 5
[   34.383653] scsi target2:0:0: Beginning Domain Validation
[   34.430379] scsi target2:0:0: Domain Validation skipping write tests
[   34.606895] scsi target2:0:0: Ending Domain Validation
[   34.607788] scsi target2:0:0: asynchronous
[   35.026339] scsi 2:0:1:0: Direct-Access     VBOX     HARDDISK         1.0  PQ: 0 ANSI: 5
[   35.219734] scsi target2:0:1: Beginning Domain Validation
[   35.825215] scsi target2:0:1: Domain Validation skipping write tests
[   36.159500] scsi target2:0:1: Ending Domain Validation
[   36.279002] scsi target2:0:1: asynchronous
[   36.339318] sd 2:0:0:0: Attached scsi generic sg0 type 0
[   36.354804] sd 2:0:1:0: Attached scsi generic sg1 type 0
[   36.355065] sd 2:0:0:0: [sda] 20971520 512-byte logical blocks: (10.7 GB/10.0 GiB)
[   36.444954] sd 2:0:1:0: [sdb] 20480 512-byte logical blocks: (10.5 MB/10.0 MiB)
[   36.444955] sd 2:0:0:0: [sda] Write Protect is off
[   36.456122] sd 2:0:0:0: [sda] Incomplete mode parameter data
[   36.456195] sd 2:0:1:0: [sdb] Write Protect is off
[   36.456261] sd 2:0:1:0: [sdb] Incomplete mode parameter data
[   36.456262] sd 2:0:1:0: [sdb] Assuming drive cache: write through
[   36.462691] sd 2:0:0:0: [sda] Assuming drive cache: write through
[   36.699109]  sda: sda1
[   36.700667] sd 2:0:1:0: [sdb] Attached SCSI disk
[   36.794451] sd 2:0:0:0: [sda] Attached SCSI disk
Begin: Loading e[   38.319096] md: linear personality registered for level -1
ssential drivers[   38.452478] md: multipath personality registered for level -4
 ... [   38.601697] md: raid0 personality registered for level 0
[   38.637630] md: raid1 personality registered for level 1
[   38.722981] raid6: sse2x1   gen() 10939 MB/s
[   38.795454] raid6: sse2x1   xor()  8282 MB/s
[   38.979497] raid6: sse2x2   gen() 14210 MB/s
[   39.167506] raid6: sse2x2   xor()  9649 MB/s
[   39.299510] raid6: sse2x4   gen() 16385 MB/s
[   39.479531] raid6: sse2x4   xor() 11704 MB/s
[   39.563439] raid6: using algorithm sse2x4 gen() 16385 MB/s
[   39.733416] raid6: .... xor() 11704 MB/s, rmw enabled
[   39.819687] raid6: using ssse3x2 recovery algorithm
[   39.876824] xor: automatically using best checksumming function:
[   39.947105]    avx       : 28704.000 MB/sec
[   39.956434] async_tx: api initialized (async)
[   40.044272] md: raid6 personality registered for level 6
[   40.204492] md: raid5 personality registered for level 5
[   40.385029] md: raid4 personality registered for level 4
[   40.542250] md: raid10 personality registered for level 10
done.
Begin: Running /scripts/i[   40.664877] Btrfs loaded
nit-premount ... done.
Begin: Mounting root file system ... Begin: Running /scripts/local-top ... done.
Begin:[   40.892472] EXT4-fs (sda1): mounted filesystem with ordered data mode. Opts: (null)
 Running /scripts/local-premount ... Scanning for Btrfs filesystems
done.
Warning: fsck not present, so skipping root file system
done.
Begin: Running /scripts/local-bottom ... done.
Begin: Running /scripts/init-bottom ... done.
[   43.687191] random: nonblocking pool is initialized
[   44.597819] systemd[1]: systemd 229 running in system mode. (+PAM +AUDIT +SELINUX +IMA +APPARMOR +SMACK +SYSVINIT +UTMP +LIBCRYPTSETUP +GCRYPT +GNUTLS +ACL +XZ -LZ4 +SECCOMP +BLKID +ELFUTILS +KMOD -IDN)
[   44.656931] systemd[1]: Detected virtualization oracle.
[   44.659427] systemd[1]: Detected architecture x86-64.

Welcome to [1mUbuntu 16.04.4 LTS[0m!

[   45.126712] systemd[1]: Set hostname to <ubuntu-xenial>.
[   47.644427] systemd[1]: Listening on Journal Audit Socket.
[[0;32m  OK  [0m] Listening on Journal Audit Socket.
[   47.891454] systemd[1]: Reached target Encrypted Volumes.
[[0;32m  OK  [0m] Reached target Encrypted Volumes.
[   48.007957] systemd[1]: Listening on Journal Socket (/dev/log).
[[0;32m  OK  [0m] Listening on Journal Socket (/dev/log).
[   48.159336] systemd[1]: Listening on Syslog Socket.
[[0;32m  OK  [0m] Listening on Syslog Socket.
[   48.201949] systemd[1]: Started Trigger resolvconf update for networkd DNS.
[[0;32m  OK  [0m] Started Trigger resolvconf update for networkd DNS.
[   48.292529] systemd[1]: Set up automount Arbitrary Executable File Formats File System Automount Point.
[[0;32m  OK  [0m] Set up automount Arbitrary Executab...ats File System Automount Point.
[   48.535239] systemd[1]: Created slice System Slice.
[[0;32m  OK  [0m] Created slice System Slice.
[   48.672403] systemd[1]: Created slice system-serial\x2detty.slice.
[[0;32m  OK  [0m] Created slice system-serial\x2dgetty.slice.
[   48.899867] systemd[1]: Created slice User and Session Slice.
[[0;32m  OK  [0m] Created slice User and Session Slice.
[   49.062898] systemd[1]: Reached target Slices.
[[0;32m  OK  [0m] Reached target Slices.
[   49.138971] systemd[1]: Listening on /dev/initctl Compatibility Named Pipe.
[[0;32m  OK  [0m] Listening on /dev/initctl Compatibility Named Pipe.
[   49.362987] systemd[1]: Reached target System Time Synchronized.
[[0;32m  OK  [0m] Reached target System Time Synchronized.
[   49.567639] systemd[1]: Reached target User and Group Name Lookups.
[[0;32m  OK  [0m] Reached target User and Group Name Lookups.
[   49.814725] systemd[1]: Listening on udev Kernel Socket.
[[0;32m  OK  [0m] Listening on udev Kernel Socket.
[   49.983330] systemd[1]: Listening on udev Control Socket.
[[0;32m  OK  [0m] Listening on udev Control Socket.
[   50.219695] systemd[1]: Listening on LVM2 metadata daemon socket.
[[0;32m  OK  [0m] Listening on LVM2 metadata daemon socket.
[   50.431157] systemd[1]: Listening on LVM2 poll daemon socket.
[[0;32m  OK  [0m] Listening on LVM2 poll daemon socket.
[   50.503197] systemd[1]: Listening on Device-mapper event daemon FIFOs.
[[0;32m  OK  [0m] Listening on Device-mapper event daemon FIFOs.
[   50.574163] systemd[1]: Reached target Swap.
[[0;32m  OK  [0m] Reached target Swap.
[   50.612043] systemd[1]: Started Forward Passwordests to Wall Directory Watch.
[[0;32m  OK  [0m] Started Forward Password Requests to Wall Directory Watch.
[   51.023271] systemd[1]: Listening on Journal Socket.
[[0;32m  OK  [0m] Listening on Journal Socket.
[   51.219827] systemd[1]: Starting Nameserver information manager...
         Starting Nameserver information manager...
[   51.511080] systemd[1]: Starting Remount Root and Kernel File Systems...
[   51.546556] EXT4-fs (sda1): re-mounted. Opts: (null)
         Starting Remount Root and Kernel File Systems...
[   52.375097] systemd[1]: Mounting POSIX Message Queue File System...
         Mounting POSIX Message Queue File System...
[   52.647382] systemd[1]: Mounting Huge Pages File System...
         Mounting Huge Pages File System...
[   52.826862] systemd[1]: Starting Load Kernel Modules...
         Starting Load Kernel Modules...
[   52.965166] systemd[1]: Starting Journal Service...
         Starting Journal Service...
[   53.082937] systemd[1]: Starting Set console keymap...
         Starting Set console keymap...
[   53.138911] systemd[1]: Starting Monitoring of LVM2 mirrors, snapshots etc. using dmeventd or progress polling...
         Starting Monitoring of LVM2 mirrors... dmeventd or progress poll[   53.387259] Loading iSCSI transport class v2.0-870.
ing...
[   54.283005] systemd[1]: Mounting Debug File System...
         Mounting Debug File System...
[   54.343538] systemd[1]: Starting Uncomplicated firewall...
         Starting Uncomplicated firewall...
[   54.478762] systemd[1]: Starting Create list of required static device nodes for the current kernel...
         Starting Create list of required st... nodes for the current kernel...
[   54.595517] systemd[1]: Mounted Debug File System.
[   .7rt(t) [[0;32m  OK  [0m] Mounted Debug File System.
[   55.563240] systemd[1]: Mounted POSIX Message Queue File System.
[[0;32m  OK  [0m] Mounted POSIX Message Queue File System.
[   55.743309] systemd[1]: Mounted Huge Pages File System.
[[0;32m  OK  [0m] Mounted Huge Pages File System.
[   55.894059] systemd[1]: Started Remount Root and Kernel File Systems.
[[0;32m  OK  [0m] Started Remount Root and Kernel File Systems.
[   56.195803] systemd[1]: Started Set console keymap.
[[0;32m  OK  [0m] Started Set console keymap.
[   56.405465] systemd[1]: Started Uncomplicated firewall.
[[0;32m  OK  [0m] Started Uncomplicated firewall.
[   56.559567] systemd[1]: Started Create list of required static device nodes for the current kernel.
[[0;32m  OK  [0m] Started Create list of required sta...ce nodes for the curre[   56.630806] iscsi: registered transport (iser)
nt kernel.
[   57.459581] systemd[1]: Started Load Kernel Modules.
[[0;32m  OK  [0m] Started Load Kernel Modules.
[   57.699236] systemd[1]: Started Nameserver information manager.
[[0;32m  OK  [0m] Started Nameserver information manager.
[ 57861524] std[: aredoualerce

[[0;32m  OK  [0m] Started Journal Service.
[[0;32m  OK  [0m] Started LVM2 metadata daemon.
         Mounting FUSE Control File System...
         Starting Apply Kernel Variables...
         Starting Create Static Device Nodes in /dev...
         Starting Flush Journal to Persistent Storage...
         Starting Load/Save Random Seed...
         Starting udev Coldplug all Devices...
[[0;32m  OK  [0m] Mounted FUSE Control File System.
[[0;32m  OK  [0m] Started Apply Kernel Variables.
[[0;32m  OK  [0m] Started Create Static Device Nodes in /dev.
[[0;32m  OK  [0m] Started Load/Save Random Seed.
[[0;32m  OK  [0m] Started Monitoring of LVM2 mirrors,...ng dmeventd or progress polling.
         Starting udev Kernel Device Manager...
[[0;32m  OK  [0m] Started udev Coldplug all Devices.
[[0;32m  OK  [0m] Started Flush Journal to Persistent Storage.
[[0;32m  OK  [0m] Started udev Kernel Device Manager.
[[0;32m  OK  [0m] Started Dispatch Password Requests to Console Directory Watch.
[[0;32m  OK  [0m] Reached target Local File Systems (Pre).
[[0;32m  OK  [0m] Reached target Local File Systems.
         Starting Create Volatile Files and Directories...
         Starting Tell Plymouth To Write Out Runtime Data...
         Starting Set console font and keymap...
         Starting Initial cloud-init job (pre-networking)...
         Starting LSB: AppArmor initialization...
[[0;32m  OK  [0m] Found device /dev/ttyS0.
[[0;32m  OK  [0m] Started Tell Plymouth To Write Out Runtime Data.
[[0;32m  OK  [0m] Started Create Volatile Files and Directories.
         Starting Update UTMP about System Boot/Shutdown...
[[0;32m  OK  [0m] Listening on Load/Save RF Kill Switch Status /dev/rfkill Watch.
[[0;32m  OK  [0m] Started Update UTMP about System Boot/Shutdown.
[[0;32m  OK  [0m] Found device 82540EM Gigabit Ethern...r (PRO/1000 MT Desktop Adapter).
[[0;32m  OK  [0m] Started Set console font and keymap.
[[0;32m  OK  [0m] Created slice system-getty.slice.
[[0;32m  OK  [0m] Started LSB: AppArmor initialization.
[   53.672928] cloud-init[491]: Cloud-init v. 18.2 running 'init-local' at Mon, 16 Jul 2018 09:26:36 +0000. Up 46.12 seconds.
[[0;32m  OK  [0m] Started Initial cloud-init job (pre-networking).
[[0;32m  OK  [0m] Reached target Network (Pre).
         Starting Raise network interfaces...
[[0;32m  OK  [0m] Started ifup for enp0s3.
[[0;32m  OK  [0m] Started Raise network interfaces.
[[0;32m  OK  [0m] Reached target Network.
         Starting Initial cloud-init job (metadata service crawler)...
[   67.052857] cloud-init[991]: Cloud-init v. 18.2 running 'init' at Mon, 16 Jul 2018 09:26:47 +0000. Up 57.73 seconds.
[   67.124729] cloud-init[991]: ci-info: +++++++++++++++++++++++++++++++++++++Net device info++++++++++++++++++++++++++++++++++++++
[[   67.124932] [0;32m  OK  [0mcloud-init] [991]: Started Initial cloud-init job (metadata service crawler).ci-info: +--------+------+----------------------------+---------------+-------+-------------------+

[   67.125049] cloud-init[991]: ci-info: | Device |  Up  |          Address           |      Mask     | Scope |     Hw-Address    |
[   67.528651] [cloud-init[0;32m  OK  [0m[991]: ] ci-info: +--------+------+----------------------------+---------------+-------+-------------------+
[   67.528889] cloud-init[991]: ci-info: | enp0s3 | True |         10.0.2.15          | 255.255.255.0 |   .   | 02:40:c1:fa:9b:f5 |
Reached target Cloud-config availability.
[[   67.529014] [0;32m  OK  [0mcloud-init] [991]: Reached target Network is Online.ci-info: | enp0s3 | True | fe80::40:c1ff:fefa:9bf5/64 |       .       |  link | 02:40:c1:fa:9b:f5 |

[   67.956714]          cloud-initStarting iSCSI initiator daemon (iscsid)...[991]: 
ci-info: |   lo   | True |         127.0.0.1          |   255.0.0.0   |   .   |         .         |
[   68.104732] [cloud-init[0;32m  OK  [0m[991]: ] ci-info: |   lo   | True |          ::1/128           |       .       |  host |         .         |Reached target System Initialization.

[   68.104962] cloud-init[991]: ci-info: +--------+------+----------------------------+---------------+-------+-------------------+
[   68.428336]          cloud-initStarting LXD - unix socket.[991]: 
ci-info: +++++++++++++++++++++++++++Route IPv4 info++++++++++++++++++++++++++++
[   68.556325] [cloud-init[0;32m  OK  [0m[991]: ] ci-info: +-------+-------------+----------+---------------+-----------+-------+Started Daily Cleanup of Temporary Directories.
[   68.556582] cloud-init[991]: ci-info: | Route | Destination | Gateway  |    Genmask    | Interface | Flags |

[   68.556674] cloud-init[991]: ci-info: +-------+-------------+----------+---------------+-----------+-------+
[   68.957769] cloud-init[991]: ci-info: |   0   |   0.0.0.0   | 10.0.2.2 |    0.0.0.0    |   enp0s3  |   UG  |
[   69.040359] cloud-init[991]: ci-info: |   1   |   10.0.2.0  | 0.0.0.0  | 255.255.255.0 |   enp0s3  |   U   |
[   69.132402] [cloud-init[0;32m  OK  [0m[991]: ] ci-info: +-------+-------------+----------+---------------+-----------+-------+Started ACPI Events Check.

[[0;32m  OK  [0m] Reached target Paths.
[[0;32m  OK  [0m] Listening on UUID daemon activation socket.
         Starting Socket activation for snappy daemon.
[[0;32m  OK  [0m] Listening on ACPID Listen Socket.
[[0;32m  OK  [0m] Started Daily apt download activities.
[[0;32m  OK  [0m] Started Daily apt upgrade and clean activities.
[[0;32m  OK  [0m] Reached target Timers.
[[0;32m  OK  [0m] Listening on D-Bus System Message Bus Socket.
[[0;32m  OK  [0m] Listening on LXD - unix socket.
[[0;32m  OK  [0m] Listening on Socket activation for snappy daemon.
[[0;32m  OK  [0m] Reached target Sockets.
[[0;32m  OK  [0m] Reached target Basic System.
         Starting /etc/rc.local Compatibility...
         Starting System Logging Service...
[[0;32m  OK  [0m] Started FUSE filesystem for LXC.
         Starting Accounts Service...
         Starting Snappy daemon...
[[0;32m  OK  [0m] Started ACPI event daemon.
         Starting LSB: MD monitoring daemon...
         Starting LSB: Record successful boot for GRUB...
         Starting Virtualbox guest utils...
[[0;32m  OK  [0m] Started D-Bus System Message Bus.
[[0;32m  OK  [0m] Started Unattended Upgrades Shutdown.
[[0;32m  OK  [0m] Started Regular background program processing daemon.
[[0;32m  OK  [0m] Started Deferred execution scheduler.
         Starting Login Service...
         Starting Apply the settings specified in cloud-config...
         Starting OpenBSD Secure Shell server...
         Starting LXD - container startup/shutdown...
[[0;32m  OK  [0m] Started System Logging Service.
[[0;32m  OK  [0m] Started iSCSI initiator daemon (iscsid).
[[0;32m  OK  [0m] Started /etc/rc.local Compatibility.
         Starting Authenticate and Authorize Users to Run Privileged Tasks...
         Starting Login to default iSCSI targets...
[[0;32m  OK  [0m] Started Login Service.
[[0;32m  OK  [0m] Started LSB: Record successful boot for GRUB.
[[0;32m  OK  [0m] Started LSB: MD monitoring daemon.
[   77.407426] cloud-init[1099]: Cloud-init v. 18.2 running 'modules:config' at Mon, 16 Jul 2018 09:27:05 +0000. Up 75.65 seconds.
[[0;32m  OK  [0m] Started Login to default iSCSI targets.
[[0;32m  OK  [0m] Started Apply the settings specified in cloud-config.
[[0;32m  OK  [0m] Started Authenticate and Authorize Users to Run Privileged Tasks.
[[0;32m  OK  [0m] Started Accounts Service.
[[0;32m  OK  [0m] Reached target Remote File Systems (Pre).
[[0;32m  OK  [0m] Reached target Remote File Systems.
         Starting Permit User Sessions...
         Starting LSB: automatic crash report generation...
         Starting LSB: daemon to balance interrupts for SMP systems...
         Starting LSB: Set the CPU Frequency Scaling governor to "ondemand"...
[[0;32m  OK  [0m] Started LSB: Set the CPU Frequency Scaling governor to "ondemand".
[[0;32m  OK  [0m] Started Virtualbox guest utils.
[[0;32m  OK  [0m] Started Permit User Sessions.
         Starting Hold until boot process finishes up...
         Starting Terminate Plymouth Boot Screen...
[[0;32m  OK  [0m] Started Hold until boot process finishes up.
[[0;32m  OK  [0m] Started Terminate Plymouth Boot Screen.
[[0;32m  OK  [0m] Started Serial Getty on ttyS0.
[[0;32m  OK  [0m] Started Getty on tty1.
[[0;32m  OK  [0m] Reached target Login Prompts.
         Starting Set console scheme...
[[0;32m  OK  [0m] Started LSB: daemon to balance interrupts for SMP systems.
[[0;32m  OK  [0m] Started LSB: automatic crash report generation.
[[0;32m  OK  [0m] Started Set console scheme.
[[0;32m  OK  [0m] Started OpenBSD Secure Shell server.
[[0;32m  OK  [0m] Started Snappy daemon.
         Starting Wait until snapd is fully seeded...

Ubuntu 16.04.4 LTS ubuntu-xenial ttyS0

ubuntu-xenial login: [   92.578859] cloud-init[1276]: Cloud-init v. 18.2 running 'modules:final' at Mon, 16 Jul 2018 09:27:21 +0000. Up 91.55 seconds.
[   92.579100] cloud-init[1276]: Cloud-init v. 18.2 finished at Mon, 16 Jul 2018 09:27:22 +0000. Datasource DataSourceNoCloud [seed=/dev/sdb][dsmode=net].  Up 92.57 seconds
